<?xml version="1.0" encoding="UTF-8"?>
<!-- Generated by org.testng.reporters.JUnitXMLReporter -->
<testsuite ignored="0" hostname="DESKTOP-E85NA51" failures="0" tests="24" name="MoviesPageTest" time="138.402" errors="0" timestamp="2024-03-07T10:58:22 IST">
  <testcase classname="LoginPageTest" name="testTheLoginPageUi" time="1.273"/>
  <testcase classname="SearchPageTest" name="testTheMovies" time="4.423"/>
  <testcase classname="PopularPageTest" name="testThePopularImagesDisplayed" time="11.363"/>
  <testcase classname="LoginPageTest" name="testWithEmptyInputs" time="1.159"/>
  <testcase classname="HomePageTest" name="testTheHeadingPageSections" time="0.906"/>
  <testcase classname="SearchPageTest" name="testTheMovies" time="2.811"/>
  <testcase classname="LoginPageTest" name="testWithEmptyUsername" time="3.509"/>
  <testcase classname="SearchPageTest" name="testTheMovies" time="2.509"/>
  <testcase classname="HomePageTest" name="testThePlayButton" time="0.376"/>
  <testcase classname="LoginPageTest" name="testWithEmptyPassword" time="2.581"/>
  <testcase classname="HomePageTest" name="testTheMoviesCount" time="0.214"/>
  <testcase classname="SearchPageTest" name="testTheMovies" time="2.174"/>
  <testcase classname="LoginPageTest" name="testWithInvalidInputs" time="2.205"/>
  <testcase classname="HomePageTest" name="testTheContactUsSection" time="0.128"/>
  <testcase classname="MovieDetailsPageTest" name="testTheSquidGame" time="1.897"/>
  <testcase classname="LoginPageTest" name="testWithValidInputs" time="7.417"/>
  <testcase classname="AccountPageTest" name="testTheUiElements" time="0.372"/>
  <testcase classname="MovieDetailsPageTest" name="testTeVenomMovie" time="2.074"/>
  <testcase classname="HeaderSectionTest" name="testTheWebsiteLogo" time="0.317"/>
  <testcase classname="AccountPageTest" name="testTheLogOutFunctionality" time="0.156"/>
  <testcase classname="HeaderSectionTest" name="testTheNavBarElements" time="0.254"/>
  <testcase classname="HeaderSectionTest" name="testTheHomePageUrl" time="0.569"/>
  <testcase classname="HeaderSectionTest" name="testThePopularPageUrl" time="0.196"/>
  <testcase classname="HeaderSectionTest" name="testTheAccountPage" time="0.345"/>
</testsuite> <!-- MoviesPageTest -->
