<?xml version="1.0" encoding="UTF-8"?>
<testng-results ignored="0" total="24" passed="24" failed="0" skipped="0">
  <reporter-output>
  </reporter-output>
  <suite started-at="2024-03-07T10:56:03 IST" name="MoviesPageTestSuite" finished-at="2024-03-07T10:58:22 IST" duration-ms="138402">
    <groups>
    </groups>
    <test started-at="2024-03-07T10:56:03 IST" name="MoviesPageTest" finished-at="2024-03-07T10:58:22 IST" duration-ms="138402">
      <class name="SearchPageTest">
        <test-method is-config="true" signature="startUp()[pri:0, instance:SearchPageTest@702b8b12]" started-at="2024-03-07T10:56:04 IST" name="startUp" finished-at="2024-03-07T10:56:25 IST" duration-ms="21553" status="PASS">
          <reporter-output>
          </reporter-output>
        </test-method> <!-- startUp -->
        <test-method signature="testTheMovies(java.lang.String)[pri:0, instance:SearchPageTest@702b8b12]" started-at="2024-03-07T10:56:25 IST" name="testTheMovies" data-provider="dataSet" finished-at="2024-03-07T10:56:30 IST" duration-ms="4423" status="PASS">
          <params>
            <param index="0">
              <value>
                <![CDATA[venom]]>
              </value>
            </param>
          </params>
          <reporter-output>
          </reporter-output>
        </test-method> <!-- testTheMovies -->
        <test-method is-config="true" signature="tearDown()[pri:0, instance:SearchPageTest@702b8b12]" started-at="2024-03-07T10:56:30 IST" name="tearDown" finished-at="2024-03-07T10:56:43 IST" duration-ms="13040" status="PASS">
          <reporter-output>
          </reporter-output>
        </test-method> <!-- tearDown -->
        <test-method is-config="true" signature="startUp()[pri:0, instance:SearchPageTest@702b8b12]" started-at="2024-03-07T10:56:43 IST" name="startUp" finished-at="2024-03-07T10:56:50 IST" duration-ms="7667" status="PASS">
          <reporter-output>
          </reporter-output>
        </test-method> <!-- startUp -->
        <test-method signature="testTheMovies(java.lang.String)[pri:0, instance:SearchPageTest@702b8b12]" started-at="2024-03-07T10:56:50 IST" name="testTheMovies" data-provider="dataSet" finished-at="2024-03-07T10:56:53 IST" duration-ms="2811" status="PASS">
          <params>
            <param index="0">
              <value>
                <![CDATA[narnia]]>
              </value>
            </param>
          </params>
          <reporter-output>
          </reporter-output>
        </test-method> <!-- testTheMovies -->
        <test-method is-config="true" signature="tearDown()[pri:0, instance:SearchPageTest@702b8b12]" started-at="2024-03-07T10:56:53 IST" name="tearDown" finished-at="2024-03-07T10:56:55 IST" duration-ms="1710" status="PASS">
          <reporter-output>
          </reporter-output>
        </test-method> <!-- tearDown -->
        <test-method is-config="true" signature="startUp()[pri:0, instance:SearchPageTest@702b8b12]" started-at="2024-03-07T10:56:55 IST" name="startUp" finished-at="2024-03-07T10:57:04 IST" duration-ms="8932" status="PASS">
          <reporter-output>
          </reporter-output>
        </test-method> <!-- startUp -->
        <test-method signature="testTheMovies(java.lang.String)[pri:0, instance:SearchPageTest@702b8b12]" started-at="2024-03-07T10:57:04 IST" name="testTheMovies" data-provider="dataSet" finished-at="2024-03-07T10:57:06 IST" duration-ms="2509" status="PASS">
          <params>
            <param index="0">
              <value>
                <![CDATA[Spider-Man]]>
              </value>
            </param>
          </params>
          <reporter-output>
          </reporter-output>
        </test-method> <!-- testTheMovies -->
        <test-method is-config="true" signature="tearDown()[pri:0, instance:SearchPageTest@702b8b12]" started-at="2024-03-07T10:57:06 IST" name="tearDown" finished-at="2024-03-07T10:57:08 IST" duration-ms="1743" status="PASS">
          <reporter-output>
          </reporter-output>
        </test-method> <!-- tearDown -->
        <test-method is-config="true" signature="startUp()[pri:0, instance:SearchPageTest@702b8b12]" started-at="2024-03-07T10:57:08 IST" name="startUp" finished-at="2024-03-07T10:57:19 IST" duration-ms="10678" status="PASS">
          <reporter-output>
          </reporter-output>
        </test-method> <!-- startUp -->
        <test-method signature="testTheMovies(java.lang.String)[pri:0, instance:SearchPageTest@702b8b12]" started-at="2024-03-07T10:57:19 IST" name="testTheMovies" data-provider="dataSet" finished-at="2024-03-07T10:57:21 IST" duration-ms="2174" status="PASS">
          <params>
            <param index="0">
              <value>
                <![CDATA[Godzilla vs. Kong]]>
              </value>
            </param>
          </params>
          <reporter-output>
          </reporter-output>
        </test-method> <!-- testTheMovies -->
        <test-method is-config="true" signature="tearDown()[pri:0, instance:SearchPageTest@702b8b12]" started-at="2024-03-07T10:57:21 IST" name="tearDown" finished-at="2024-03-07T10:57:22 IST" duration-ms="1316" status="PASS">
          <reporter-output>
          </reporter-output>
        </test-method> <!-- tearDown -->
      </class> <!-- SearchPageTest -->
      <class name="MovieDetailsPageTest">
        <test-method is-config="true" signature="startUp()[pri:0, instance:MovieDetailsPageTest@22e357dc]" started-at="2024-03-07T10:57:22 IST" name="startUp" finished-at="2024-03-07T10:57:33 IST" duration-ms="10440" status="PASS">
          <reporter-output>
          </reporter-output>
        </test-method> <!-- startUp -->
        <test-method signature="testTheSquidGame()[pri:1, instance:MovieDetailsPageTest@22e357dc]" started-at="2024-03-07T10:57:33 IST" name="testTheSquidGame" finished-at="2024-03-07T10:57:35 IST" duration-ms="1897" status="PASS">
          <reporter-output>
          </reporter-output>
        </test-method> <!-- testTheSquidGame -->
        <test-method is-config="true" signature="tearDown()[pri:0, instance:MovieDetailsPageTest@22e357dc]" started-at="2024-03-07T10:57:35 IST" name="tearDown" finished-at="2024-03-07T10:57:36 IST" duration-ms="1739" status="PASS">
          <reporter-output>
          </reporter-output>
        </test-method> <!-- tearDown -->
        <test-method is-config="true" signature="startUp()[pri:0, instance:MovieDetailsPageTest@22e357dc]" started-at="2024-03-07T10:57:36 IST" name="startUp" finished-at="2024-03-07T10:57:47 IST" duration-ms="10729" status="PASS">
          <reporter-output>
          </reporter-output>
        </test-method> <!-- startUp -->
        <test-method signature="testTeVenomMovie()[pri:2, instance:MovieDetailsPageTest@22e357dc]" started-at="2024-03-07T10:57:47 IST" name="testTeVenomMovie" finished-at="2024-03-07T10:57:49 IST" duration-ms="2074" status="PASS">
          <reporter-output>
          </reporter-output>
        </test-method> <!-- testTeVenomMovie -->
        <test-method is-config="true" signature="tearDown()[pri:0, instance:MovieDetailsPageTest@22e357dc]" started-at="2024-03-07T10:57:49 IST" name="tearDown" finished-at="2024-03-07T10:57:51 IST" duration-ms="1582" status="PASS">
          <reporter-output>
          </reporter-output>
        </test-method> <!-- tearDown -->
      </class> <!-- MovieDetailsPageTest -->
      <class name="AccountPageTest">
        <test-method is-config="true" signature="startUp()[pri:0, instance:AccountPageTest@49912c99]" started-at="2024-03-07T10:57:36 IST" name="startUp" finished-at="2024-03-07T10:57:46 IST" duration-ms="9746" status="PASS">
          <reporter-output>
          </reporter-output>
        </test-method> <!-- startUp -->
        <test-method signature="testTheUiElements()[pri:1, instance:AccountPageTest@49912c99]" started-at="2024-03-07T10:57:46 IST" name="testTheUiElements" finished-at="2024-03-07T10:57:46 IST" duration-ms="372" status="PASS">
          <reporter-output>
          </reporter-output>
        </test-method> <!-- testTheUiElements -->
        <test-method is-config="true" signature="tearDown()[pri:0, instance:AccountPageTest@49912c99]" started-at="2024-03-07T10:57:46 IST" name="tearDown" finished-at="2024-03-07T10:57:50 IST" duration-ms="3547" status="PASS">
          <reporter-output>
          </reporter-output>
        </test-method> <!-- tearDown -->
        <test-method is-config="true" signature="startUp()[pri:0, instance:AccountPageTest@49912c99]" started-at="2024-03-07T10:57:50 IST" name="startUp" finished-at="2024-03-07T10:57:58 IST" duration-ms="8238" status="PASS">
          <reporter-output>
          </reporter-output>
        </test-method> <!-- startUp -->
        <test-method signature="testTheLogOutFunctionality()[pri:2, instance:AccountPageTest@49912c99]" started-at="2024-03-07T10:57:58 IST" name="testTheLogOutFunctionality" finished-at="2024-03-07T10:57:58 IST" duration-ms="156" status="PASS">
          <reporter-output>
          </reporter-output>
        </test-method> <!-- testTheLogOutFunctionality -->
        <test-method is-config="true" signature="tearDown()[pri:0, instance:AccountPageTest@49912c99]" started-at="2024-03-07T10:57:58 IST" name="tearDown" finished-at="2024-03-07T10:58:00 IST" duration-ms="1204" status="PASS">
          <reporter-output>
          </reporter-output>
        </test-method> <!-- tearDown -->
      </class> <!-- AccountPageTest -->
      <class name="PopularPageTest">
        <test-method is-config="true" signature="startUp()[pri:0, instance:PopularPageTest@306f16f3]" started-at="2024-03-07T10:56:04 IST" name="startUp" finished-at="2024-03-07T10:56:25 IST" duration-ms="20835" status="PASS">
          <reporter-output>
          </reporter-output>
        </test-method> <!-- startUp -->
        <test-method signature="testThePopularImagesDisplayed()[pri:0, instance:PopularPageTest@306f16f3]" started-at="2024-03-07T10:56:25 IST" name="testThePopularImagesDisplayed" finished-at="2024-03-07T10:56:36 IST" duration-ms="11363" status="PASS">
          <reporter-output>
          </reporter-output>
        </test-method> <!-- testThePopularImagesDisplayed -->
        <test-method is-config="true" signature="tearDown()[pri:0, instance:PopularPageTest@306f16f3]" started-at="2024-03-07T10:56:36 IST" name="tearDown" finished-at="2024-03-07T10:56:43 IST" duration-ms="7334" status="PASS">
          <reporter-output>
          </reporter-output>
        </test-method> <!-- tearDown -->
      </class> <!-- PopularPageTest -->
      <class name="LoginPageTest">
        <test-method is-config="true" signature="startUp()[pri:0, instance:LoginPageTest@2892dae4]" started-at="2024-03-07T10:56:04 IST" name="startUp" finished-at="2024-03-07T10:56:21 IST" duration-ms="16972" status="PASS">
          <reporter-output>
          </reporter-output>
        </test-method> <!-- startUp -->
        <test-method signature="testTheLoginPageUi()[pri:0, instance:LoginPageTest@2892dae4]" started-at="2024-03-07T10:56:21 IST" name="testTheLoginPageUi" finished-at="2024-03-07T10:56:22 IST" duration-ms="1273" status="PASS">
          <reporter-output>
          </reporter-output>
        </test-method> <!-- testTheLoginPageUi -->
        <test-method is-config="true" signature="tearDown()[pri:0, instance:LoginPageTest@2892dae4]" started-at="2024-03-07T10:56:22 IST" name="tearDown" finished-at="2024-03-07T10:56:30 IST" duration-ms="8472" status="PASS">
          <reporter-output>
          </reporter-output>
        </test-method> <!-- tearDown -->
        <test-method is-config="true" signature="startUp()[pri:0, instance:LoginPageTest@2892dae4]" started-at="2024-03-07T10:56:30 IST" name="startUp" finished-at="2024-03-07T10:56:42 IST" duration-ms="11375" status="PASS">
          <reporter-output>
          </reporter-output>
        </test-method> <!-- startUp -->
        <test-method signature="testWithEmptyInputs()[pri:1, instance:LoginPageTest@2892dae4]" started-at="2024-03-07T10:56:42 IST" name="testWithEmptyInputs" finished-at="2024-03-07T10:56:43 IST" duration-ms="1159" status="PASS">
          <reporter-output>
          </reporter-output>
        </test-method> <!-- testWithEmptyInputs -->
        <test-method is-config="true" signature="tearDown()[pri:0, instance:LoginPageTest@2892dae4]" started-at="2024-03-07T10:56:43 IST" name="tearDown" finished-at="2024-03-07T10:56:54 IST" duration-ms="10934" status="PASS">
          <reporter-output>
          </reporter-output>
        </test-method> <!-- tearDown -->
        <test-method is-config="true" signature="startUp()[pri:0, instance:LoginPageTest@2892dae4]" started-at="2024-03-07T10:56:54 IST" name="startUp" finished-at="2024-03-07T10:57:02 IST" duration-ms="8016" status="PASS">
          <reporter-output>
          </reporter-output>
        </test-method> <!-- startUp -->
        <test-method signature="testWithEmptyUsername()[pri:2, instance:LoginPageTest@2892dae4]" started-at="2024-03-07T10:57:02 IST" name="testWithEmptyUsername" finished-at="2024-03-07T10:57:05 IST" duration-ms="3509" status="PASS">
          <reporter-output>
          </reporter-output>
        </test-method> <!-- testWithEmptyUsername -->
        <test-method is-config="true" signature="tearDown()[pri:0, instance:LoginPageTest@2892dae4]" started-at="2024-03-07T10:57:05 IST" name="tearDown" finished-at="2024-03-07T10:57:09 IST" duration-ms="3598" status="PASS">
          <reporter-output>
          </reporter-output>
        </test-method> <!-- tearDown -->
        <test-method is-config="true" signature="startUp()[pri:0, instance:LoginPageTest@2892dae4]" started-at="2024-03-07T10:57:09 IST" name="startUp" finished-at="2024-03-07T10:57:15 IST" duration-ms="5958" status="PASS">
          <reporter-output>
          </reporter-output>
        </test-method> <!-- startUp -->
        <test-method signature="testWithEmptyPassword()[pri:3, instance:LoginPageTest@2892dae4]" started-at="2024-03-07T10:57:15 IST" name="testWithEmptyPassword" finished-at="2024-03-07T10:57:18 IST" duration-ms="2581" status="PASS">
          <reporter-output>
          </reporter-output>
        </test-method> <!-- testWithEmptyPassword -->
        <test-method is-config="true" signature="tearDown()[pri:0, instance:LoginPageTest@2892dae4]" started-at="2024-03-07T10:57:18 IST" name="tearDown" finished-at="2024-03-07T10:57:22 IST" duration-ms="4711" status="PASS">
          <reporter-output>
          </reporter-output>
        </test-method> <!-- tearDown -->
        <test-method is-config="true" signature="startUp()[pri:0, instance:LoginPageTest@2892dae4]" started-at="2024-03-07T10:57:22 IST" name="startUp" finished-at="2024-03-07T10:57:29 IST" duration-ms="6885" status="PASS">
          <reporter-output>
          </reporter-output>
        </test-method> <!-- startUp -->
        <test-method signature="testWithInvalidInputs()[pri:4, instance:LoginPageTest@2892dae4]" started-at="2024-03-07T10:57:29 IST" name="testWithInvalidInputs" finished-at="2024-03-07T10:57:31 IST" duration-ms="2205" status="PASS">
          <reporter-output>
          </reporter-output>
        </test-method> <!-- testWithInvalidInputs -->
        <test-method is-config="true" signature="tearDown()[pri:0, instance:LoginPageTest@2892dae4]" started-at="2024-03-07T10:57:31 IST" name="tearDown" finished-at="2024-03-07T10:57:35 IST" duration-ms="3731" status="PASS">
          <reporter-output>
          </reporter-output>
        </test-method> <!-- tearDown -->
        <test-method is-config="true" signature="startUp()[pri:0, instance:LoginPageTest@2892dae4]" started-at="2024-03-07T10:57:35 IST" name="startUp" finished-at="2024-03-07T10:57:39 IST" duration-ms="3436" status="PASS">
          <reporter-output>
          </reporter-output>
        </test-method> <!-- startUp -->
        <test-method signature="testWithValidInputs()[pri:5, instance:LoginPageTest@2892dae4]" started-at="2024-03-07T10:57:39 IST" name="testWithValidInputs" finished-at="2024-03-07T10:57:46 IST" duration-ms="7417" status="PASS">
          <reporter-output>
          </reporter-output>
        </test-method> <!-- testWithValidInputs -->
        <test-method is-config="true" signature="tearDown()[pri:0, instance:LoginPageTest@2892dae4]" started-at="2024-03-07T10:57:46 IST" name="tearDown" finished-at="2024-03-07T10:57:51 IST" duration-ms="4833" status="PASS">
          <reporter-output>
          </reporter-output>
        </test-method> <!-- tearDown -->
      </class> <!-- LoginPageTest -->
      <class name="HeaderSectionTest">
        <test-method is-config="true" signature="startUp()[pri:0, instance:HeaderSectionTest@1b6e1eff]" started-at="2024-03-07T10:57:51 IST" name="startUp" finished-at="2024-03-07T10:57:57 IST" duration-ms="6420" status="PASS">
          <reporter-output>
          </reporter-output>
        </test-method> <!-- startUp -->
        <test-method signature="testTheWebsiteLogo()[pri:1, instance:HeaderSectionTest@1b6e1eff]" started-at="2024-03-07T10:57:57 IST" name="testTheWebsiteLogo" finished-at="2024-03-07T10:57:57 IST" duration-ms="317" status="PASS">
          <reporter-output>
          </reporter-output>
        </test-method> <!-- testTheWebsiteLogo -->
        <test-method is-config="true" signature="tearDown()[pri:0, instance:HeaderSectionTest@1b6e1eff]" started-at="2024-03-07T10:57:58 IST" name="tearDown" finished-at="2024-03-07T10:58:00 IST" duration-ms="2093" status="PASS">
          <reporter-output>
          </reporter-output>
        </test-method> <!-- tearDown -->
        <test-method is-config="true" signature="startUp()[pri:0, instance:HeaderSectionTest@1b6e1eff]" started-at="2024-03-07T10:58:00 IST" name="startUp" finished-at="2024-03-07T10:58:04 IST" duration-ms="4662" status="PASS">
          <reporter-output>
          </reporter-output>
        </test-method> <!-- startUp -->
        <test-method signature="testTheNavBarElements()[pri:2, instance:HeaderSectionTest@1b6e1eff]" started-at="2024-03-07T10:58:04 IST" name="testTheNavBarElements" finished-at="2024-03-07T10:58:05 IST" duration-ms="254" status="PASS">
          <reporter-output>
          </reporter-output>
        </test-method> <!-- testTheNavBarElements -->
        <test-method is-config="true" signature="tearDown()[pri:0, instance:HeaderSectionTest@1b6e1eff]" started-at="2024-03-07T10:58:05 IST" name="tearDown" finished-at="2024-03-07T10:58:06 IST" duration-ms="1174" status="PASS">
          <reporter-output>
          </reporter-output>
        </test-method> <!-- tearDown -->
        <test-method is-config="true" signature="startUp()[pri:0, instance:HeaderSectionTest@1b6e1eff]" started-at="2024-03-07T10:58:06 IST" name="startUp" finished-at="2024-03-07T10:58:10 IST" duration-ms="3885" status="PASS">
          <reporter-output>
          </reporter-output>
        </test-method> <!-- startUp -->
        <test-method signature="testTheHomePageUrl()[pri:3, instance:HeaderSectionTest@1b6e1eff]" started-at="2024-03-07T10:58:10 IST" name="testTheHomePageUrl" finished-at="2024-03-07T10:58:10 IST" duration-ms="569" status="PASS">
          <reporter-output>
          </reporter-output>
        </test-method> <!-- testTheHomePageUrl -->
        <test-method is-config="true" signature="tearDown()[pri:0, instance:HeaderSectionTest@1b6e1eff]" started-at="2024-03-07T10:58:10 IST" name="tearDown" finished-at="2024-03-07T10:58:11 IST" duration-ms="1095" status="PASS">
          <reporter-output>
          </reporter-output>
        </test-method> <!-- tearDown -->
        <test-method is-config="true" signature="startUp()[pri:0, instance:HeaderSectionTest@1b6e1eff]" started-at="2024-03-07T10:58:11 IST" name="startUp" finished-at="2024-03-07T10:58:15 IST" duration-ms="3822" status="PASS">
          <reporter-output>
          </reporter-output>
        </test-method> <!-- startUp -->
        <test-method signature="testThePopularPageUrl()[pri:4, instance:HeaderSectionTest@1b6e1eff]" started-at="2024-03-07T10:58:15 IST" name="testThePopularPageUrl" finished-at="2024-03-07T10:58:15 IST" duration-ms="196" status="PASS">
          <reporter-output>
          </reporter-output>
        </test-method> <!-- testThePopularPageUrl -->
        <test-method is-config="true" signature="tearDown()[pri:0, instance:HeaderSectionTest@1b6e1eff]" started-at="2024-03-07T10:58:15 IST" name="tearDown" finished-at="2024-03-07T10:58:16 IST" duration-ms="1117" status="PASS">
          <reporter-output>
          </reporter-output>
        </test-method> <!-- tearDown -->
        <test-method is-config="true" signature="startUp()[pri:0, instance:HeaderSectionTest@1b6e1eff]" started-at="2024-03-07T10:58:16 IST" name="startUp" finished-at="2024-03-07T10:58:20 IST" duration-ms="4028" status="PASS">
          <reporter-output>
          </reporter-output>
        </test-method> <!-- startUp -->
        <test-method signature="testTheAccountPage()[pri:5, instance:HeaderSectionTest@1b6e1eff]" started-at="2024-03-07T10:58:20 IST" name="testTheAccountPage" finished-at="2024-03-07T10:58:21 IST" duration-ms="345" status="PASS">
          <reporter-output>
          </reporter-output>
        </test-method> <!-- testTheAccountPage -->
        <test-method is-config="true" signature="tearDown()[pri:0, instance:HeaderSectionTest@1b6e1eff]" started-at="2024-03-07T10:58:21 IST" name="tearDown" finished-at="2024-03-07T10:58:22 IST" duration-ms="1065" status="PASS">
          <reporter-output>
          </reporter-output>
        </test-method> <!-- tearDown -->
      </class> <!-- HeaderSectionTest -->
      <class name="HomePageTest">
        <test-method is-config="true" signature="startUp()[pri:0, instance:HomePageTest@1a4013]" started-at="2024-03-07T10:56:43 IST" name="startUp" finished-at="2024-03-07T10:56:51 IST" duration-ms="7482" status="PASS">
          <reporter-output>
          </reporter-output>
        </test-method> <!-- startUp -->
        <test-method signature="testTheHeadingPageSections()[pri:1, instance:HomePageTest@1a4013]" started-at="2024-03-07T10:56:51 IST" name="testTheHeadingPageSections" finished-at="2024-03-07T10:56:52 IST" duration-ms="906" status="PASS">
          <reporter-output>
          </reporter-output>
        </test-method> <!-- testTheHeadingPageSections -->
        <test-method is-config="true" signature="tearDown()[pri:0, instance:HomePageTest@1a4013]" started-at="2024-03-07T10:56:52 IST" name="tearDown" finished-at="2024-03-07T10:56:54 IST" duration-ms="2516" status="PASS">
          <reporter-output>
          </reporter-output>
        </test-method> <!-- tearDown -->
        <test-method is-config="true" signature="startUp()[pri:0, instance:HomePageTest@1a4013]" started-at="2024-03-07T10:56:54 IST" name="startUp" finished-at="2024-03-07T10:57:06 IST" duration-ms="12212" status="PASS">
          <reporter-output>
          </reporter-output>
        </test-method> <!-- startUp -->
        <test-method signature="testThePlayButton()[pri:2, instance:HomePageTest@1a4013]" started-at="2024-03-07T10:57:06 IST" name="testThePlayButton" finished-at="2024-03-07T10:57:07 IST" duration-ms="376" status="PASS">
          <reporter-output>
          </reporter-output>
        </test-method> <!-- testThePlayButton -->
        <test-method is-config="true" signature="tearDown()[pri:0, instance:HomePageTest@1a4013]" started-at="2024-03-07T10:57:07 IST" name="tearDown" finished-at="2024-03-07T10:57:09 IST" duration-ms="1994" status="PASS">
          <reporter-output>
          </reporter-output>
        </test-method> <!-- tearDown -->
        <test-method is-config="true" signature="startUp()[pri:0, instance:HomePageTest@1a4013]" started-at="2024-03-07T10:57:09 IST" name="startUp" finished-at="2024-03-07T10:57:19 IST" duration-ms="10524" status="PASS">
          <reporter-output>
          </reporter-output>
        </test-method> <!-- startUp -->
        <test-method signature="testTheMoviesCount()[pri:3, instance:HomePageTest@1a4013]" started-at="2024-03-07T10:57:19 IST" name="testTheMoviesCount" finished-at="2024-03-07T10:57:19 IST" duration-ms="214" status="PASS">
          <reporter-output>
          </reporter-output>
        </test-method> <!-- testTheMoviesCount -->
        <test-method is-config="true" signature="tearDown()[pri:0, instance:HomePageTest@1a4013]" started-at="2024-03-07T10:57:19 IST" name="tearDown" finished-at="2024-03-07T10:57:22 IST" duration-ms="2814" status="PASS">
          <reporter-output>
          </reporter-output>
        </test-method> <!-- tearDown -->
        <test-method is-config="true" signature="startUp()[pri:0, instance:HomePageTest@1a4013]" started-at="2024-03-07T10:57:22 IST" name="startUp" finished-at="2024-03-07T10:57:32 IST" duration-ms="9752" status="PASS">
          <reporter-output>
          </reporter-output>
        </test-method> <!-- startUp -->
        <test-method signature="testTheContactUsSection()[pri:4, instance:HomePageTest@1a4013]" started-at="2024-03-07T10:57:32 IST" name="testTheContactUsSection" finished-at="2024-03-07T10:57:32 IST" duration-ms="128" status="PASS">
          <reporter-output>
          </reporter-output>
        </test-method> <!-- testTheContactUsSection -->
        <test-method is-config="true" signature="tearDown()[pri:0, instance:HomePageTest@1a4013]" started-at="2024-03-07T10:57:32 IST" name="tearDown" finished-at="2024-03-07T10:57:36 IST" duration-ms="4135" status="PASS">
          <reporter-output>
          </reporter-output>
        </test-method> <!-- tearDown -->
      </class> <!-- HomePageTest -->
    </test> <!-- MoviesPageTest -->
  </suite> <!-- MoviesPageTestSuite -->
</testng-results>
